app/build/intermediates/manifest_merge_blame_file/debug/manifest-merger-blame-debug-report.txt
1<?xml version="1.0" encoding="utf-8"?>
2<manifest xmlns:android="http://schemas.android.com/apk/res/android"
3    package="org.xiboplayer.player"
4    android:versionCode="1"
5    android:versionName="1.0.0" >
6
7    <uses-sdk
8        android:minSdkVersion="28"
9        android:targetSdkVersion="34" />
10
11    <uses-permission android:name="android.permission.INTERNET" />
11-->src/main/AndroidManifest.xml:5:5-67
11-->src/main/AndroidManifest.xml:5:22-64
12    <uses-permission android:name="android.permission.ACCESS_NETWORK_STATE" />
12-->src/main/AndroidManifest.xml:6:5-79
12-->src/main/AndroidManifest.xml:6:22-76
13    <uses-permission
13-->src/main/AndroidManifest.xml:7:5-8:38
14        android:name="android.permission.WRITE_EXTERNAL_STORAGE"
14-->src/main/AndroidManifest.xml:7:22-78
15        android:maxSdkVersion="28" />
15-->src/main/AndroidManifest.xml:8:9-35
16    <uses-permission
16-->src/main/AndroidManifest.xml:9:5-10:38
17        android:name="android.permission.READ_EXTERNAL_STORAGE"
17-->src/main/AndroidManifest.xml:9:22-77
18        android:maxSdkVersion="28" />
18-->src/main/AndroidManifest.xml:10:9-35
19    <uses-permission android:name="android.permission.WAKE_LOCK" />
19-->src/main/AndroidManifest.xml:11:5-68
19-->src/main/AndroidManifest.xml:11:22-65
20    <uses-permission android:name="android.permission.FOREGROUND_SERVICE" />
20-->src/main/AndroidManifest.xml:12:5-77
20-->src/main/AndroidManifest.xml:12:22-74
21    <uses-permission android:name="android.permission.RECEIVE_BOOT_COMPLETED" />
21-->src/main/AndroidManifest.xml:13:5-81
21-->src/main/AndroidManifest.xml:13:22-78
22
23    <permission
23-->[androidx.core:core:1.12.0] AndroidManifest.xml:22:5-24:47
24        android:name="org.xiboplayer.player.DYNAMIC_RECEIVER_NOT_EXPORTED_PERMISSION"
24-->[androidx.core:core:1.12.0] AndroidManifest.xml:23:9-81
25        android:protectionLevel="signature" />
25-->[androidx.core:core:1.12.0] AndroidManifest.xml:24:9-44
26
27    <uses-permission android:name="org.xiboplayer.player.DYNAMIC_RECEIVER_NOT_EXPORTED_PERMISSION" />
27-->[androidx.core:core:1.12.0] AndroidManifest.xml:26:5-97
27-->[androidx.core:core:1.12.0] AndroidManifest.xml:26:22-94
28
29    <application
29-->src/main/AndroidManifest.xml:15:5-52:19
30        android:name="org.xiboplayer.player.XiboPlayerApp"
30-->src/main/AndroidManifest.xml:16:9-38
31        android:allowBackup="true"
31-->src/main/AndroidManifest.xml:17:9-35
32        android:appComponentFactory="androidx.core.app.CoreComponentFactory"
32-->[androidx.core:core:1.12.0] AndroidManifest.xml:28:18-86
33        android:debuggable="true"
34        android:extractNativeLibs="false"
35        android:icon="@mipmap/ic_launcher"
35-->src/main/AndroidManifest.xml:18:9-43
36        android:label="Xibo Player"
36-->src/main/AndroidManifest.xml:19:9-36
37        android:networkSecurityConfig="@xml/network_security_config"
37-->src/main/AndroidManifest.xml:20:9-69
38        android:supportsRtl="true"
38-->src/main/AndroidManifest.xml:21:9-35
39        android:theme="@style/Theme.XiboPlayer"
39-->src/main/AndroidManifest.xml:22:9-48
40        android:usesCleartextTraffic="true" >
40-->src/main/AndroidManifest.xml:23:9-44
41        <activity
41-->src/main/AndroidManifest.xml:26:9-40:20
42            android:name="org.xiboplayer.player.MainActivity"
42-->src/main/AndroidManifest.xml:27:13-41
43            android:configChanges="orientation|screenSize|keyboardHidden"
43-->src/main/AndroidManifest.xml:29:13-74
44            android:exported="true"
44-->src/main/AndroidManifest.xml:28:13-36
45            android:showOnLockScreen="true"
45-->src/main/AndroidManifest.xml:30:13-44
46            android:showWhenLocked="true"
46-->src/main/AndroidManifest.xml:31:13-42
47            android:theme="@style/Theme.XiboPlayer.Fullscreen"
47-->src/main/AndroidManifest.xml:33:13-63
48            android:turnScreenOn="true" >
48-->src/main/AndroidManifest.xml:32:13-40
49            <intent-filter>
49-->src/main/AndroidManifest.xml:34:13-39:29
50                <action android:name="android.intent.action.MAIN" />
50-->src/main/AndroidManifest.xml:35:17-69
50-->src/main/AndroidManifest.xml:35:25-66
51
52                <category android:name="android.intent.category.LAUNCHER" />
52-->src/main/AndroidManifest.xml:36:17-77
52-->src/main/AndroidManifest.xml:36:27-74
53                <category android:name="android.intent.category.HOME" />
53-->src/main/AndroidManifest.xml:37:17-73
53-->src/main/AndroidManifest.xml:37:27-70
54                <category android:name="android.intent.category.DEFAULT" />
54-->src/main/AndroidManifest.xml:38:17-76
54-->src/main/AndroidManifest.xml:38:27-73
55            </intent-filter>
56        </activity>
57
58        <!-- Boot receiver to auto-start player -->
59        <receiver
59-->src/main/AndroidManifest.xml:43:9-50:20
60            android:name="org.xiboplayer.player.BootReceiver"
60-->src/main/AndroidManifest.xml:44:13-41
61            android:enabled="true"
61-->src/main/AndroidManifest.xml:45:13-35
62            android:exported="true" >
62-->src/main/AndroidManifest.xml:46:13-36
63            <intent-filter>
63-->src/main/AndroidManifest.xml:47:13-49:29
64                <action android:name="android.intent.action.BOOT_COMPLETED" />
64-->src/main/AndroidManifest.xml:48:17-79
64-->src/main/AndroidManifest.xml:48:25-76
65            </intent-filter>
66        </receiver>
67
68        <activity
68-->[androidx.compose.ui:ui-test-manifest:1.6.0] AndroidManifest.xml:23:9-25:39
69            android:name="androidx.activity.ComponentActivity"
69-->[androidx.compose.ui:ui-test-manifest:1.6.0] AndroidManifest.xml:24:13-63
70            android:exported="true" />
70-->[androidx.compose.ui:ui-test-manifest:1.6.0] AndroidManifest.xml:25:13-36
71        <activity
71-->[androidx.compose.ui:ui-tooling-android:1.6.0] AndroidManifest.xml:23:9-25:39
72            android:name="androidx.compose.ui.tooling.PreviewActivity"
72-->[androidx.compose.ui:ui-tooling-android:1.6.0] AndroidManifest.xml:24:13-71
73            android:exported="true" />
73-->[androidx.compose.ui:ui-tooling-android:1.6.0] AndroidManifest.xml:25:13-36
74
75        <provider
75-->[androidx.emoji2:emoji2:1.3.0] AndroidManifest.xml:24:9-32:20
76            android:name="androidx.startup.InitializationProvider"
76-->[androidx.emoji2:emoji2:1.3.0] AndroidManifest.xml:25:13-67
77            android:authorities="org.xiboplayer.player.androidx-startup"
77-->[androidx.emoji2:emoji2:1.3.0] AndroidManifest.xml:26:13-68
78            android:exported="false" >
78-->[androidx.emoji2:emoji2:1.3.0] AndroidManifest.xml:27:13-37
79            <meta-data
79-->[androidx.emoji2:emoji2:1.3.0] AndroidManifest.xml:29:13-31:52
80                android:name="androidx.emoji2.text.EmojiCompatInitializer"
80-->[androidx.emoji2:emoji2:1.3.0] AndroidManifest.xml:30:17-75
81                android:value="androidx.startup" />
81-->[androidx.emoji2:emoji2:1.3.0] AndroidManifest.xml:31:17-49
82            <meta-data
82-->[androidx.lifecycle:lifecycle-process:2.7.0] AndroidManifest.xml:29:13-31:52
83                android:name="androidx.lifecycle.ProcessLifecycleInitializer"
83-->[androidx.lifecycle:lifecycle-process:2.7.0] AndroidManifest.xml:30:17-78
84                android:value="androidx.startup" />
84-->[androidx.lifecycle:lifecycle-process:2.7.0] AndroidManifest.xml:31:17-49
85            <meta-data
85-->[androidx.profileinstaller:profileinstaller:1.3.1] AndroidManifest.xml:29:13-31:52
86                android:name="androidx.profileinstaller.ProfileInstallerInitializer"
86-->[androidx.profileinstaller:profileinstaller:1.3.1] AndroidManifest.xml:30:17-85
87                android:value="androidx.startup" />
87-->[androidx.profileinstaller:profileinstaller:1.3.1] AndroidManifest.xml:31:17-49
88        </provider>
89
90        <receiver
90-->[androidx.profileinstaller:profileinstaller:1.3.1] AndroidManifest.xml:34:9-52:20
91            android:name="androidx.profileinstaller.ProfileInstallReceiver"
91-->[androidx.profileinstaller:profileinstaller:1.3.1] AndroidManifest.xml:35:13-76
92            android:directBootAware="false"
92-->[androidx.profileinstaller:profileinstaller:1.3.1] AndroidManifest.xml:36:13-44
93            android:enabled="true"
93-->[androidx.profileinstaller:profileinstaller:1.3.1] AndroidManifest.xml:37:13-35
94            android:exported="true"
94-->[androidx.profileinstaller:profileinstaller:1.3.1] AndroidManifest.xml:38:13-36
95            android:permission="android.permission.DUMP" >
95-->[androidx.profileinstaller:profileinstaller:1.3.1] AndroidManifest.xml:39:13-57
96            <intent-filter>
96-->[androidx.profileinstaller:profileinstaller:1.3.1] AndroidManifest.xml:40:13-42:29
97                <action android:name="androidx.profileinstaller.action.INSTALL_PROFILE" />
97-->[androidx.profileinstaller:profileinstaller:1.3.1] AndroidManifest.xml:41:17-91
97-->[androidx.profileinstaller:profileinstaller:1.3.1] AndroidManifest.xml:41:25-88
98            </intent-filter>
99            <intent-filter>
99-->[androidx.profileinstaller:profileinstaller:1.3.1] AndroidManifest.xml:43:13-45:29
100                <action android:name="androidx.profileinstaller.action.SKIP_FILE" />
100-->[androidx.profileinstaller:profileinstaller:1.3.1] AndroidManifest.xml:44:17-85
100-->[androidx.profileinstaller:profileinstaller:1.3.1] AndroidManifest.xml:44:25-82
101            </intent-filter>
102            <intent-filter>
102-->[androidx.profileinstaller:profileinstaller:1.3.1] AndroidManifest.xml:46:13-48:29
103                <action android:name="androidx.profileinstaller.action.SAVE_PROFILE" />
103-->[androidx.profileinstaller:profileinstaller:1.3.1] AndroidManifest.xml:47:17-88
103-->[androidx.profileinstaller:profileinstaller:1.3.1] AndroidManifest.xml:47:25-85
104            </intent-filter>
105            <intent-filter>
105-->[androidx.profileinstaller:profileinstaller:1.3.1] AndroidManifest.xml:49:13-51:29
106                <action android:name="androidx.profileinstaller.action.BENCHMARK_OPERATION" />
106-->[androidx.profileinstaller:profileinstaller:1.3.1] AndroidManifest.xml:50:17-95
106-->[androidx.profileinstaller:profileinstaller:1.3.1] AndroidManifest.xml:50:25-92
107            </intent-filter>
108        </receiver>
109    </application>
110
111</manifest>